Using pre-set license
Built from '2021.3/staging' branch; Version is '2021.3.23f1 (213b516bf396) revision 2177873'; Using compiler version '192829333'; Build Type 'Release'
OS: 'Windows 11  (10.0.22000) 64bit CoreSingleLanguage' Language: 'ru' Physical Memory: 5727 MB
BatchMode: 1, IsHumanControllingUs: 0, StartBugReporterOnCrash: 0, Is64bit: 1, IsPro: 1

COMMAND LINE ARGUMENTS:
C:\Program Files\Unity\Hub\Editor\2021.3.23f1\Editor\Unity.exe
-adb2
-batchMode
-noUpm
-name
AssetImportWorker0
-projectPath
C:/Users/sampo/OneDrive/Рабочий стол/Builds & projects/ThePupilOfAFallenStar/The Fallen Star/Fallen-Star
-logFile
Logs/AssetImportWorker0.log
-srvPort
58724
Successfully changed project path to: C:/Users/sampo/OneDrive/Рабочий стол/Builds & projects/ThePupilOfAFallenStar/The Fallen Star/Fallen-Star
C:/Users/sampo/OneDrive/Рабочий стол/Builds & projects/ThePupilOfAFallenStar/The Fallen Star/Fallen-Star
[UnityMemory] Configuration Parameters - Can be set up in boot.config
    "memorysetup-bucket-allocator-granularity=16"
    "memorysetup-bucket-allocator-bucket-count=8"
    "memorysetup-bucket-allocator-block-size=33554432"
    "memorysetup-bucket-allocator-block-count=8"
    "memorysetup-main-allocator-block-size=16777216"
    "memorysetup-thread-allocator-block-size=16777216"
    "memorysetup-gfx-main-allocator-block-size=16777216"
    "memorysetup-gfx-thread-allocator-block-size=16777216"
    "memorysetup-cache-allocator-block-size=4194304"
    "memorysetup-typetree-allocator-block-size=2097152"
    "memorysetup-profiler-bucket-allocator-granularity=16"
    "memorysetup-profiler-bucket-allocator-bucket-count=8"
    "memorysetup-profiler-bucket-allocator-block-size=33554432"
    "memorysetup-profiler-bucket-allocator-block-count=8"
    "memorysetup-profiler-allocator-block-size=16777216"
    "memorysetup-profiler-editor-allocator-block-size=1048576"
    "memorysetup-temp-allocator-size-main=16777216"
    "memorysetup-job-temp-allocator-block-size=2097152"
    "memorysetup-job-temp-allocator-block-size-background=1048576"
    "memorysetup-job-temp-allocator-reduction-small-platforms=262144"
    "memorysetup-temp-allocator-size-background-worker=32768"
    "memorysetup-temp-allocator-size-job-worker=262144"
    "memorysetup-temp-allocator-size-preload-manager=33554432"
    "memorysetup-temp-allocator-size-nav-mesh-worker=65536"
    "memorysetup-temp-allocator-size-audio-worker=65536"
    "memorysetup-temp-allocator-size-cloud-worker=32768"
    "memorysetup-temp-allocator-size-gi-baking-worker=262144"
    "memorysetup-temp-allocator-size-gfx=262144"
Player connection [14268] Host "[IP] 10.77.2.189 [Port] 0 [Flags] 2 [Guid] 3917860812 [EditorId] 3917860812 [Version] 1048832 [Id] WindowsEditor(7,Lappy) [Debug] 1 [PackageName] WindowsEditor [ProjectName] Editor" joined multi-casting on [225.0.0.222:54997]...

Player connection [14268] Host "[IP] 10.77.2.189 [Port] 0 [Flags] 2 [Guid] 3917860812 [EditorId] 3917860812 [Version] 1048832 [Id] WindowsEditor(7,Lappy) [Debug] 1 [PackageName] WindowsEditor [ProjectName] Editor" joined alternative multi-casting on [225.0.0.222:34997]...

Refreshing native plugins compatible for Editor in 383.90 ms, found 3 plugins.
Preloading 0 native plugins for Editor in 0.00 ms.
Initialize engine version: 2021.3.23f1 (213b516bf396)
[Subsystems] Discovering subsystems at path C:/Program Files/Unity/Hub/Editor/2021.3.23f1/Editor/Data/Resources/UnitySubsystems
[Subsystems] Discovering subsystems at path C:/Users/sampo/OneDrive/Рабочий стол/Builds & projects/ThePupilOfAFallenStar/The Fallen Star/Fallen-Star/Assets
GfxDevice: creating device client; threaded=0; jobified=0
Direct3D:
    Version:  Direct3D 11.0 [level 11.1]
    Renderer: AMD Radeon R5 Graphics (ID=0x9874)
    Vendor:   ATI
    VRAM:     2863 MB
    Driver:   27.20.20912.1002
Initialize mono
Mono path[0] = 'C:/Program Files/Unity/Hub/Editor/2021.3.23f1/Editor/Data/Managed'
Mono path[1] = 'C:/Program Files/Unity/Hub/Editor/2021.3.23f1/Editor/Data/MonoBleedingEdge/lib/mono/unityjit-win32'
Mono config path = 'C:/Program Files/Unity/Hub/Editor/2021.3.23f1/Editor/Data/MonoBleedingEdge/etc'
Using monoOptions --debugger-agent=transport=dt_socket,embedding=1,server=y,suspend=n,address=127.0.0.1:56708
Begin MonoManager ReloadAssembly
Registering precompiled unity dll's ...
Register platform support module: C:/Program Files/Unity/Hub/Editor/2021.3.23f1/Editor/Data/PlaybackEngines/WebGLSupport/UnityEditor.WebGL.Extensions.dll
Register platform support module: C:/Program Files/Unity/Hub/Editor/2021.3.23f1/Editor/Data/PlaybackEngines/AndroidPlayer/UnityEditor.Android.Extensions.dll
Register platform support module: C:/Program Files/Unity/Hub/Editor/2021.3.23f1/Editor/Data/PlaybackEngines/WindowsStandaloneSupport/UnityEditor.WindowsStandalone.Extensions.dll
Registered in 0.032458 seconds.
Native extension for WindowsStandalone target not found
Native extension for Android target not found
Android Extension - Scanning For ADB Devices 1122 ms
Native extension for WebGL target not found
Refreshing native plugins compatible for Editor in 383.32 ms, found 3 plugins.
Preloading 0 native plugins for Editor in 0.00 ms.
Mono: successfully reloaded assembly
- Completed reload, in  4.075 seconds
Domain Reload Profiling:
	ReloadAssembly (4078ms)
		BeginReloadAssembly (376ms)
			ExecutionOrderSort (0ms)
			DisableScriptedObjects (0ms)
			BackupInstance (0ms)
			ReleaseScriptingObjects (0ms)
			CreateAndSetChildDomain (3ms)
		EndReloadAssembly (3223ms)
			LoadAssemblies (370ms)
			RebuildTransferFunctionScriptingTraits (2ms)
			SetupTypeCache (516ms)
			ReleaseScriptCaches (0ms)
			RebuildScriptCaches (127ms)
			SetupLoadedEditorAssemblies (2374ms)
				LogAssemblyErrors (0ms)
				InitializePlatformSupportModulesInManaged (1364ms)
				SetLoadedEditorAssemblies (1ms)
				RefreshPlugins (384ms)
				BeforeProcessingInitializeOnLoad (6ms)
				ProcessInitializeOnLoadAttributes (388ms)
				ProcessInitializeOnLoadMethodAttributes (230ms)
				AfterProcessingInitializeOnLoad (0ms)
				EditorAssembliesLoaded (1ms)
			ExecutionOrderSort2 (0ms)
			AwakeInstancesAfterBackupRestoration (0ms)
Platform modules already initialized, skipping
Registering precompiled user dll's ...
Registered in 0.050437 seconds.
Begin MonoManager ReloadAssembly
Symbol file LoadedFromMemory doesn't match image C:\Users\sampo\OneDrive\Рабочий стол\Builds & projects\ThePupilOfAFallenStar\The Fallen Star\Fallen-Star\Library\PackageCache\com.unity.visualscripting@1.8.0\Editor\VisualScripting.Core\Dependencies\YamlDotNet\Unity.VisualScripting.YamlDotNet.dll
Symbol file LoadedFromMemory doesn't match image C:\Users\sampo\OneDrive\Рабочий стол\Builds & projects\ThePupilOfAFallenStar\The Fallen Star\Fallen-Star\Library\PackageCache\com.unity.visualscripting@1.8.0\Editor\VisualScripting.Core\Dependencies\DotNetZip\Unity.VisualScripting.IonicZip.dll
Native extension for WindowsStandalone target not found
Native extension for Android target not found
Native extension for WebGL target not found
Refreshing native plugins compatible for Editor in 3.02 ms, found 3 plugins.
Preloading 0 native plugins for Editor in 0.00 ms.
Mono: successfully reloaded assembly
- Completed reload, in  5.432 seconds
Domain Reload Profiling:
	ReloadAssembly (5436ms)
		BeginReloadAssembly (539ms)
			ExecutionOrderSort (0ms)
			DisableScriptedObjects (28ms)
			BackupInstance (0ms)
			ReleaseScriptingObjects (0ms)
			CreateAndSetChildDomain (74ms)
		EndReloadAssembly (4167ms)
			LoadAssemblies (410ms)
			RebuildTransferFunctionScriptingTraits (0ms)
			SetupTypeCache (1288ms)
			ReleaseScriptCaches (2ms)
			RebuildScriptCaches (252ms)
			SetupLoadedEditorAssemblies (1854ms)
				LogAssemblyErrors (0ms)
				InitializePlatformSupportModulesInManaged (80ms)
				SetLoadedEditorAssemblies (4ms)
				RefreshPlugins (3ms)
				BeforeProcessingInitializeOnLoad (345ms)
				ProcessInitializeOnLoadAttributes (1310ms)
				ProcessInitializeOnLoadMethodAttributes (88ms)
				AfterProcessingInitializeOnLoad (22ms)
				EditorAssembliesLoaded (1ms)
			ExecutionOrderSort2 (0ms)
			AwakeInstancesAfterBackupRestoration (36ms)
Platform modules already initialized, skipping
========================================================================
Worker process is ready to serve import requests
Launched and connected shader compiler UnityShaderCompiler.exe after 0.20 seconds
Refreshing native plugins compatible for Editor in 2.25 ms, found 3 plugins.
Preloading 0 native plugins for Editor in 0.00 ms.
Unloading 3751 Unused Serialized files (Serialized files now loaded: 0)
Unloading 42 unused Assets / (186.1 KB). Loaded Objects now: 4212.
Memory consumption went from 133.6 MB to 133.4 MB.
Total: 33.361000 ms (FindLiveObjects: 0.757700 ms CreateObjectMapping: 1.300200 ms MarkObjects: 29.804600 ms  DeleteObjects: 1.495000 ms)

AssetImportParameters requested are different than current active one (requested -> active):
  custom:video-decoder-ogg-theora: a1e56fd34408186e4bbccfd4996cb3dc -> 
  custom:container-muxer-webm: aa71ff27fc2769a1b78a27578f13a17b -> 
  custom:container-demuxer-webm: 4f35f7cbe854078d1ac9338744f61a02 -> 
  custom:video-encoder-webm-vp8: eb34c28f22e8b96e1ab97ce403110664 -> 
  custom:audio-encoder-webm-vorbis: bf7c407c2cedff20999df2af8eb42d56 -> 
  custom:framework-win-MediaFoundation: 216162199b28c13a410421893ffa2e32 -> 
  custom:container-demuxer-ogg: 62fdf1f143b41e24485cea50d1cbac27 -> 
  custom:video-decoder-webm-vp8: 9c59270c3fd7afecdb556c50c9e8de78 -> 
  custom:audio-decoder-ogg-vorbis: bf7c407c2cedff20999df2af8eb42d56 -> 
========================================================================
Received Import Request.
  Time since last request: 673988.955426 seconds.
  path: Assets/Scenes/TestLevel.unity
  artifactKey: Guid(7306e8f05aae809469e0fcabe0cc15c5) Importer(815301076,1909f56bfc062723c751e8b465ee728b)
Start importing Assets/Scenes/TestLevel.unity using Guid(7306e8f05aae809469e0fcabe0cc15c5) Importer(815301076,1909f56bfc062723c751e8b465ee728b)  -> (artifact id: '1b82966008b70d1f72854433b6419946') in 0.049753 seconds 
========================================================================
Received Import Request.
  Time since last request: 7.196885 seconds.
  path: Assets/Free - Sci-Fi and Cyberpunk Music Pack/01 Ascension.wav
  artifactKey: Guid(f5ee21cf8fb714d6492f4bd36526832c) Importer(815301076,1909f56bfc062723c751e8b465ee728b)
Start importing Assets/Free - Sci-Fi and Cyberpunk Music Pack/01 Ascension.wav using Guid(f5ee21cf8fb714d6492f4bd36526832c) Importer(815301076,1909f56bfc062723c751e8b465ee728b)  -> (artifact id: '642b5e2257b7d5c9445ba219fc572ce0') in 0.472502 seconds 
========================================================================
Received Import Request.
  Time since last request: 26.538134 seconds.
  path: Assets/Free - Sci-Fi and Cyberpunk Music Pack/02 Curiosity.wav
  artifactKey: Guid(6cb9ff74a536944baab35afe99fc17ba) Importer(815301076,1909f56bfc062723c751e8b465ee728b)
Start importing Assets/Free - Sci-Fi and Cyberpunk Music Pack/02 Curiosity.wav using Guid(6cb9ff74a536944baab35afe99fc17ba) Importer(815301076,1909f56bfc062723c751e8b465ee728b)  -> (artifact id: '934ac08f3a7ee18b82f72c5c60bf0009') in 0.078705 seconds 
========================================================================
Received Import Request.
  Time since last request: 28.867844 seconds.
  path: Assets/Free - Sci-Fi and Cyberpunk Music Pack/03 Descent.wav
  artifactKey: Guid(aad7a7fba16964d45be7c4ebe62a3ae1) Importer(815301076,1909f56bfc062723c751e8b465ee728b)
Start importing Assets/Free - Sci-Fi and Cyberpunk Music Pack/03 Descent.wav using Guid(aad7a7fba16964d45be7c4ebe62a3ae1) Importer(815301076,1909f56bfc062723c751e8b465ee728b)  -> (artifact id: '14cf27e933f5da8f931e8c9133faf04b') in 0.087053 seconds 
========================================================================
Received Import Request.
  Time since last request: 29.515058 seconds.
  path: Assets/Free - Sci-Fi and Cyberpunk Music Pack/04 Fallen.wav
  artifactKey: Guid(42088c686d43445edba06281e324ee8d) Importer(815301076,1909f56bfc062723c751e8b465ee728b)
Start importing Assets/Free - Sci-Fi and Cyberpunk Music Pack/04 Fallen.wav using Guid(42088c686d43445edba06281e324ee8d) Importer(815301076,1909f56bfc062723c751e8b465ee728b)  -> (artifact id: 'a10a998cc65d1236d104ead1745822ff') in 0.061210 seconds 
========================================================================
Received Import Request.
  Time since last request: 9.136804 seconds.
  path: Assets/Free - Sci-Fi and Cyberpunk Music Pack/05 Taurus.wav
  artifactKey: Guid(1ecbc4ca893514424b3b391184d00869) Importer(815301076,1909f56bfc062723c751e8b465ee728b)
Start importing Assets/Free - Sci-Fi and Cyberpunk Music Pack/05 Taurus.wav using Guid(1ecbc4ca893514424b3b391184d00869) Importer(815301076,1909f56bfc062723c751e8b465ee728b)  -> (artifact id: 'df47281d254e4a654a2d95f104f24db9') in 0.282238 seconds 
========================================================================
Received Import Request.
  Time since last request: 20.762987 seconds.
  path: Assets/Free - Sci-Fi and Cyberpunk Music Pack
  artifactKey: Guid(01f5adff2bd54409b802d57a3bb7012a) Importer(815301076,1909f56bfc062723c751e8b465ee728b)
Start importing Assets/Free - Sci-Fi and Cyberpunk Music Pack using Guid(01f5adff2bd54409b802d57a3bb7012a) Importer(815301076,1909f56bfc062723c751e8b465ee728b)  -> (artifact id: '5455de89aae85177fd68226228e821c7') in 0.067300 seconds 
========================================================================
Received Import Request.
  Time since last request: 69.456427 seconds.
  path: Assets/Deep_In_Space
  artifactKey: Guid(7562ad9ccde9ce141aef8eb7ee607edb) Importer(815301076,1909f56bfc062723c751e8b465ee728b)
Start importing Assets/Deep_In_Space using Guid(7562ad9ccde9ce141aef8eb7ee607edb) Importer(815301076,1909f56bfc062723c751e8b465ee728b)  -> (artifact id: 'd32ab33bbd883beb3fe1db1711808e8c') in 0.019671 seconds 
========================================================================
Received Import Request.
  Time since last request: 28.502813 seconds.
  path: Assets/Scenes/MainMenu.unity
  artifactKey: Guid(18e004b45c9d50e418fa7f3524ab6ebb) Importer(815301076,1909f56bfc062723c751e8b465ee728b)
Start importing Assets/Scenes/MainMenu.unity using Guid(18e004b45c9d50e418fa7f3524ab6ebb) Importer(815301076,1909f56bfc062723c751e8b465ee728b)  -> (artifact id: '2c35b6e5530e095e842b7e774496293e') in 0.062561 seconds 
========================================================================
Received Import Request.
  Time since last request: 106.886209 seconds.
  path: Assets/Scenes/TestLevel.unity
  artifactKey: Guid(7306e8f05aae809469e0fcabe0cc15c5) Importer(815301076,1909f56bfc062723c751e8b465ee728b)
Start importing Assets/Scenes/TestLevel.unity using Guid(7306e8f05aae809469e0fcabe0cc15c5) Importer(815301076,1909f56bfc062723c751e8b465ee728b)  -> (artifact id: 'caa518b2e900127590d03a6bf781b623') in 0.017253 seconds 
========================================================================
Received Import Request.
  Time since last request: 13.517346 seconds.
  path: Assets/Scenes/MainMenu.unity
  artifactKey: Guid(18e004b45c9d50e418fa7f3524ab6ebb) Importer(815301076,1909f56bfc062723c751e8b465ee728b)
Start importing Assets/Scenes/MainMenu.unity using Guid(18e004b45c9d50e418fa7f3524ab6ebb) Importer(815301076,1909f56bfc062723c751e8b465ee728b)  -> (artifact id: 'da3d302f4467c3253367e6bfc72c158d') in 0.014819 seconds 
========================================================================
Received Prepare
Registering precompiled user dll's ...
Registered in 0.027101 seconds.
Begin MonoManager ReloadAssembly
Symbol file LoadedFromMemory doesn't match image C:\Users\sampo\OneDrive\Рабочий стол\Builds & projects\ThePupilOfAFallenStar\The Fallen Star\Fallen-Star\Library\PackageCache\com.unity.visualscripting@1.8.0\Editor\VisualScripting.Core\Dependencies\YamlDotNet\Unity.VisualScripting.YamlDotNet.dll
Symbol file LoadedFromMemory doesn't match image C:\Users\sampo\OneDrive\Рабочий стол\Builds & projects\ThePupilOfAFallenStar\The Fallen Star\Fallen-Star\Library\PackageCache\com.unity.visualscripting@1.8.0\Editor\VisualScripting.Core\Dependencies\DotNetZip\Unity.VisualScripting.IonicZip.dll
Native extension for WindowsStandalone target not found
Native extension for Android target not found
Native extension for WebGL target not found
Refreshing native plugins compatible for Editor in 3.03 ms, found 3 plugins.
Preloading 0 native plugins for Editor in 0.00 ms.
Mono: successfully reloaded assembly
- Completed reload, in 10.814 seconds
Domain Reload Profiling:
	ReloadAssembly (10817ms)
		BeginReloadAssembly (633ms)
			ExecutionOrderSort (0ms)
			DisableScriptedObjects (19ms)
			BackupInstance (0ms)
			ReleaseScriptingObjects (0ms)
			CreateAndSetChildDomain (161ms)
		EndReloadAssembly (9713ms)
			LoadAssemblies (488ms)
			RebuildTransferFunctionScriptingTraits (0ms)
			SetupTypeCache (3220ms)
			ReleaseScriptCaches (37ms)
			RebuildScriptCaches (684ms)
			SetupLoadedEditorAssemblies (4581ms)
				LogAssemblyErrors (0ms)
				InitializePlatformSupportModulesInManaged (163ms)
				SetLoadedEditorAssemblies (2ms)
				RefreshPlugins (3ms)
				BeforeProcessingInitializeOnLoad (597ms)
				ProcessInitializeOnLoadAttributes (3297ms)
				ProcessInitializeOnLoadMethodAttributes (459ms)
				AfterProcessingInitializeOnLoad (58ms)
				EditorAssembliesLoaded (1ms)
			ExecutionOrderSort2 (0ms)
			AwakeInstancesAfterBackupRestoration (96ms)
Platform modules already initialized, skipping
Refreshing native plugins compatible for Editor in 21.51 ms, found 3 plugins.
Preloading 0 native plugins for Editor in 0.00 ms.
Unloading 3730 Unused Serialized files (Serialized files now loaded: 0)
Unloading 23 unused Assets / (152.5 KB). Loaded Objects now: 4237.
Memory consumption went from 135.8 MB to 135.7 MB.
Total: 17.762800 ms (FindLiveObjects: 2.446800 ms CreateObjectMapping: 1.056800 ms MarkObjects: 13.701500 ms  DeleteObjects: 0.551900 ms)

AssetImportParameters requested are different than current active one (requested -> active):
  custom:video-decoder-ogg-theora: a1e56fd34408186e4bbccfd4996cb3dc -> 
  custom:container-muxer-webm: aa71ff27fc2769a1b78a27578f13a17b -> 
  custom:container-demuxer-webm: 4f35f7cbe854078d1ac9338744f61a02 -> 
  custom:video-encoder-webm-vp8: eb34c28f22e8b96e1ab97ce403110664 -> 
  custom:audio-encoder-webm-vorbis: bf7c407c2cedff20999df2af8eb42d56 -> 
  custom:framework-win-MediaFoundation: 216162199b28c13a410421893ffa2e32 -> 
  custom:container-demuxer-ogg: 62fdf1f143b41e24485cea50d1cbac27 -> 
  custom:video-decoder-webm-vp8: 9c59270c3fd7afecdb556c50c9e8de78 -> 
  custom:audio-decoder-ogg-vorbis: bf7c407c2cedff20999df2af8eb42d56 -> 
========================================================================
Received Import Request.
  Time since last request: 80.293346 seconds.
  path: Assets/Joystick Pack/Examples/Example Scene.unity
  artifactKey: Guid(414bddd31c5ea4f4c9f5d1452e5bbb41) Importer(815301076,1909f56bfc062723c751e8b465ee728b)
Start importing Assets/Joystick Pack/Examples/Example Scene.unity using Guid(414bddd31c5ea4f4c9f5d1452e5bbb41) Importer(815301076,1909f56bfc062723c751e8b465ee728b)  -> (artifact id: '0d2efa5cae20879694c2d420a3a527e8') in 0.115357 seconds 
========================================================================
Received Import Request.
  Time since last request: 18.190438 seconds.
  path: Assets/Joystick Pack/Prefabs/Variable Joystick.prefab
  artifactKey: Guid(ec536a7718376554185e4a856d5ae230) Importer(815301076,1909f56bfc062723c751e8b465ee728b)
Start importing Assets/Joystick Pack/Prefabs/Variable Joystick.prefab using Guid(ec536a7718376554185e4a856d5ae230) Importer(815301076,1909f56bfc062723c751e8b465ee728b)  -> (artifact id: '6e6152c21302577d659714c92af05f2d') in 0.166336 seconds 
